<?xml version="1.0" encoding="UTF-8"?>
<!-- Generated by org.testng.reporters.JUnitXMLReporter -->
<testsuite ignored="0" hostname="LAPTOP-QSGOG4BT" failures="0" tests="4" name="Test2" time="34.283" errors="0" timestamp="2023-01-11T14:26:26 IST">
  <testcase classname="testNG_OSA_Admin.TC_admin_01_Create_Product_Test" name="createProduct" time="3.797"/>
  <testcase classname="testNG_OSA_Admin.TC_admin_01_Create_Product_Test" name="editProduct" time="2.062"/>
  <testcase classname="testNG_OSA_Admin.TC_admin_01_Create_Product_Test" name="placeOrder" time="2.54"/>
  <testcase classname="testNG_OSA_Admin.TC_admin_01_Create_Product_Test" name="manageOrder" time="14.287"/>
</testsuite> <!-- Test2 -->
