<?xml version="1.0" encoding="UTF-8"?>
<!-- Generated by org.testng.reporters.JUnitXMLReporter -->
<testsuite ignored="4" hostname="LAPTOP-QSGOG4BT" failures="0" tests="1" name="Test" time="7.338" errors="0" timestamp="2023-01-12T12:38:45 IST">
  <testcase classname="testNG_OSA_Admin.Admin_Module" name="createProduct" time="3.738"/>
  <testcase classname="testNG_OSA_Admin.Admin_Module" name="editProduct" time="0.0">
    <ignored/>
  </testcase> <!-- editProduct -->
  <testcase classname="testNG_OSA_Admin.Admin_Module" name="login_logInfo" time="0.0">
    <ignored/>
  </testcase> <!-- login_logInfo -->
  <testcase classname="testNG_OSA_Admin.Admin_Module" name="manageOrder" time="0.0">
    <ignored/>
  </testcase> <!-- manageOrder -->
  <testcase classname="testNG_OSA_Admin.Admin_Module" name="placeOrder" time="0.0">
    <ignored/>
  </testcase> <!-- placeOrder -->
</testsuite> <!-- Test -->
