<?xml version="1.0" encoding="UTF-8"?>
<!-- Generated by org.testng.reporters.JUnitXMLReporter -->
<testsuite ignored="0" hostname="LAPTOP-QSGOG4BT" failures="0" tests="4" name="Test1" time="30.339" errors="0" timestamp="2023-01-11T14:26:22 IST">
  <testcase classname="testNG_OSA_Admin.TC_admin_01_Create_Product_Test" name="createProduct" time="4.171"/>
  <testcase classname="testNG_OSA_Admin.TC_admin_01_Create_Product_Test" name="editProduct" time="2.563"/>
  <testcase classname="testNG_OSA_Admin.TC_admin_01_Create_Product_Test" name="placeOrder" time="2.971"/>
  <testcase classname="testNG_OSA_Admin.TC_admin_01_Create_Product_Test" name="manageOrder" time="12.955"/>
</testsuite> <!-- Test1 -->
