<?xml version="1.0" encoding="UTF-8"?>
<!-- Generated by org.testng.reporters.JUnitReportReporter -->
<testsuite hostname="LAPTOP-QSGOG4BT" failures="0" tests="2" name="practice_package.TestNGParellel3" time="10.029" errors="0" timestamp="2023-01-10T15:02:10 IST" skipped="0">
  <testcase classname="practice_package.TestNGParellel3" name="sample6" time="5.007"/>
  <system-out/>
  <testcase classname="practice_package.TestNGParellel3" name="sample5" time="5.022"/>
  <system-out/>
</testsuite> <!-- practice_package.TestNGParellel3 -->
